<?xml version="1.0" encoding="UTF-8"?>
<coverage generated="1527856238040" clover="3.2.0">
  <project timestamp="1527856238040" name="All files">
    <metrics statements="23" coveredstatements="13" conditionals="7" coveredconditionals="5" methods="7" coveredmethods="4" elements="37" coveredelements="22" complexity="0" loc="23" ncloc="23" packages="2" files="2" classes="2">
      <package name="src">
        <metrics statements="14" coveredstatements="4" conditionals="2" coveredconditionals="0" methods="4" coveredmethods="1"/>
        <file name="logger.js" path="/Users/matthewlowry/dev/news/AyeSpy/src/logger.js">
          <metrics statements="14" coveredstatements="4" conditionals="2" coveredconditionals="0" methods="4" coveredmethods="1"/>
          <line num="3" count="1" type="stmt"/>
          <line num="4" count="0" type="cond" truecount="0" falsecount="2"/>
          <line num="5" count="0" type="stmt"/>
          <line num="6" count="0" type="stmt"/>
          <line num="7" count="0" type="stmt"/>
          <line num="12" count="20" type="stmt"/>
          <line num="13" count="20" type="stmt"/>
          <line num="14" count="20" type="stmt"/>
          <line num="17" count="0" type="stmt"/>
          <line num="18" count="0" type="stmt"/>
          <line num="19" count="0" type="stmt"/>
          <line num="22" count="0" type="stmt"/>
          <line num="23" count="0" type="stmt"/>
          <line num="24" count="0" type="stmt"/>
        </file>
      </package>
      <package name="src.bin">
        <metrics statements="9" coveredstatements="9" conditionals="5" coveredconditionals="5" methods="3" coveredmethods="3"/>
        <file name="snapshotter.js" path="/Users/matthewlowry/dev/news/AyeSpy/src/bin/snapshotter.js">
          <metrics statements="9" coveredstatements="9" conditionals="5" coveredconditionals="5" methods="3" coveredmethods="3"/>
          <line num="7" count="4" type="cond" truecount="2" falsecount="0"/>
          <line num="11" count="4" type="stmt"/>
          <line num="16" count="4" type="stmt"/>
          <line num="23" count="23" type="stmt"/>
          <line num="27" count="20" type="stmt"/>
          <line num="28" count="20" type="stmt"/>
          <line num="29" count="20" type="stmt"/>
          <line num="30" count="20" type="stmt"/>
          <line num="31" count="20" type="stmt"/>
        </file>
      </package>
    </metrics>
  </project>
</coverage>
