{"/Users/matthewlowry/dev/news/AyeSpy/src/logger.js": {"path":"/Users/matthewlowry/dev/news/AyeSpy/src/logger.js","statementMap":{"0":{"start":{"line":3,"column":20},"end":{"line":8,"column":1}},"1":{"start":{"line":4,"column":2},"end":{"line":4,"column":33}},"2":{"start":{"line":5,"column":2},"end":{"line":5,"column":30}},"3":{"start":{"line":6,"column":2},"end":{"line":6,"column":20}},"4":{"start":{"line":7,"column":2},"end":{"line":7,"column":57}},"5":{"start":{"line":12,"column":4},"end":{"line":12,"column":32}},"6":{"start":{"line":13,"column":4},"end":{"line":13,"column":51}},"7":{"start":{"line":14,"column":4},"end":{"line":14,"column":43}},"8":{"start":{"line":17,"column":4},"end":{"line":17,"column":32}},"9":{"start":{"line":18,"column":4},"end":{"line":18,"column":37}},"10":{"start":{"line":19,"column":4},"end":{"line":19,"column":46}},"11":{"start":{"line":22,"column":4},"end":{"line":22,"column":32}},"12":{"start":{"line":23,"column":4},"end":{"line":23,"column":36}},"13":{"start":{"line":24,"column":4},"end":{"line":24,"column":46}}},"fnMap":{"0":{"name":"(anonymous_0)","decl":{"start":{"line":3,"column":20},"end":{"line":3,"column":21}},"loc":{"start":{"line":3,"column":32},"end":{"line":8,"column":1}},"line":3},"1":{"name":"(anonymous_1)","decl":{"start":{"line":11,"column":8},"end":{"line":11,"column":9}},"loc":{"start":{"line":11,"column":33},"end":{"line":15,"column":3}},"line":11},"2":{"name":"(anonymous_2)","decl":{"start":{"line":16,"column":11},"end":{"line":16,"column":12}},"loc":{"start":{"line":16,"column":36},"end":{"line":20,"column":3}},"line":16},"3":{"name":"(anonymous_3)","decl":{"start":{"line":21,"column":9},"end":{"line":21,"column":10}},"loc":{"start":{"line":21,"column":36},"end":{"line":25,"column":3}},"line":21}},"branchMap":{"0":{"loc":{"start":{"line":4,"column":14},"end":{"line":4,"column":32}},"type":"binary-expr","locations":[{"start":{"line":4,"column":14},"end":{"line":4,"column":22}},{"start":{"line":4,"column":26},"end":{"line":4,"column":32}}],"line":4}},"s":{"0":1,"1":0,"2":0,"3":0,"4":0,"5":20,"6":20,"7":20,"8":0,"9":0,"10":0,"11":0,"12":0,"13":0},"f":{"0":0,"1":20,"2":0,"3":0},"b":{"0":[0,0]},"_coverageSchema":"332fd63041d2c1bcb487cc26dd0d5f7d97098a6c","hash":"a26d844ab1084bea07499c81a3366affb959ab1a"}
,"/Users/matthewlowry/dev/news/AyeSpy/src/bin/snapshotter.js": {"path":"/Users/matthewlowry/dev/news/AyeSpy/src/bin/snapshotter.js","statementMap":{"0":{"start":{"line":7,"column":30},"end":{"line":9,"column":38}},"1":{"start":{"line":11,"column":4},"end":{"line":14,"column":15}},"2":{"start":{"line":16,"column":4},"end":{"line":19,"column":34}},"3":{"start":{"line":23,"column":4},"end":{"line":23,"column":24}},"4":{"start":{"line":27,"column":4},"end":{"line":27,"column":71}},"5":{"start":{"line":28,"column":4},"end":{"line":28,"column":41}},"6":{"start":{"line":29,"column":23},"end":{"line":29,"column":58}},"7":{"start":{"line":30,"column":4},"end":{"line":30,"column":79}},"8":{"start":{"line":31,"column":4},"end":{"line":31,"column":29}}},"fnMap":{"0":{"name":"(anonymous_0)","decl":{"start":{"line":6,"column":2},"end":{"line":6,"column":3}},"loc":{"start":{"line":6,"column":75},"end":{"line":20,"column":3}},"line":6},"1":{"name":"(anonymous_1)","decl":{"start":{"line":22,"column":2},"end":{"line":22,"column":3}},"loc":{"start":{"line":22,"column":15},"end":{"line":24,"column":3}},"line":22},"2":{"name":"(anonymous_2)","decl":{"start":{"line":26,"column":2},"end":{"line":26,"column":3}},"loc":{"start":{"line":26,"column":27},"end":{"line":32,"column":3}},"line":26}},"branchMap":{"0":{"loc":{"start":{"line":6,"column":25},"end":{"line":6,"column":36}},"type":"default-arg","locations":[{"start":{"line":6,"column":33},"end":{"line":6,"column":36}}],"line":6},"1":{"loc":{"start":{"line":6,"column":38},"end":{"line":6,"column":51}},"type":"default-arg","locations":[{"start":{"line":6,"column":47},"end":{"line":6,"column":51}}],"line":6},"2":{"loc":{"start":{"line":6,"column":53},"end":{"line":6,"column":71}},"type":"default-arg","locations":[{"start":{"line":6,"column":63},"end":{"line":6,"column":71}}],"line":6},"3":{"loc":{"start":{"line":7,"column":30},"end":{"line":9,"column":38}},"type":"cond-expr","locations":[{"start":{"line":8,"column":8},"end":{"line":8,"column":37}},{"start":{"line":9,"column":8},"end":{"line":9,"column":38}}],"line":7}},"s":{"0":4,"1":4,"2":4,"3":23,"4":20,"5":20,"6":20,"7":20,"8":20},"f":{"0":4,"1":23,"2":20},"b":{"0":[4],"1":[4],"2":[2],"3":[3,1]},"_coverageSchema":"332fd63041d2c1bcb487cc26dd0d5f7d97098a6c","hash":"e2410670532cfbc7d613c225274a30ec735aa137"}
}
