TN:
SF:/Users/matthewlowry/dev/news/AyeSpy/src/logger.js
FN:3,(anonymous_0)
FN:11,(anonymous_1)
FN:16,(anonymous_2)
FN:21,(anonymous_3)
FNF:4
FNH:1
FNDA:0,(anonymous_0)
FNDA:20,(anonymous_1)
FNDA:0,(anonymous_2)
FNDA:0,(anonymous_3)
DA:3,1
DA:4,0
DA:5,0
DA:6,0
DA:7,0
DA:12,20
DA:13,20
DA:14,20
DA:17,0
DA:18,0
DA:19,0
DA:22,0
DA:23,0
DA:24,0
LF:14
LH:4
BRDA:4,0,0,0
BRDA:4,0,1,0
BRF:2
BRH:0
end_of_record
TN:
SF:/Users/matthewlowry/dev/news/AyeSpy/src/bin/snapshotter.js
FN:6,(anonymous_0)
FN:22,(anonymous_1)
FN:26,(anonymous_2)
FNF:3
FNH:3
FNDA:4,(anonymous_0)
FNDA:23,(anonymous_1)
FNDA:20,(anonymous_2)
DA:7,4
DA:11,4
DA:16,4
DA:23,23
DA:27,20
DA:28,20
DA:29,20
DA:30,20
DA:31,20
LF:9
LH:9
BRDA:6,0,0,4
BRDA:6,1,0,4
BRDA:6,2,0,2
BRDA:7,3,0,3
BRDA:7,3,1,1
BRF:5
BRH:5
end_of_record
